<?xml version="1.0" encoding="UTF-8"?>
<testng-results ignored="1" total="8" passed="5" failed="2" skipped="0">
  <reporter-output>
  </reporter-output>
  <suite started-at="2023-03-03T14:23:59 IST" name="Cross-Platform" finished-at="2023-03-03T14:25:41 IST" duration-ms="102731">
    <groups>
    </groups>
    <test started-at="2023-03-03T14:23:59 IST" name="BStackDemo-0" finished-at="2023-03-03T14:25:41 IST" duration-ms="102731">
      <class name="com.browserstack.BStackDemoTest">
        <test-method is-config="true" signature="setUp()[pri:0, instance:com.browserstack.BStackDemoTest@2577d6c8]" started-at="2023-03-03T14:23:59 IST" name="setUp" finished-at="2023-03-03T14:24:07 IST" duration-ms="8290" status="PASS">
          <reporter-output>
          </reporter-output>
        </test-method> <!-- setUp -->
        <test-method signature="addDuplicateProductToCart()[pri:0, instance:com.browserstack.BStackDemoTest@2577d6c8]" started-at="2023-03-03T14:24:07 IST" name="addDuplicateProductToCart" finished-at="2023-03-03T14:24:12 IST" duration-ms="5218" status="PASS">
          <reporter-output>
          </reporter-output>
        </test-method> <!-- addDuplicateProductToCart -->
        <test-method is-config="true" signature="tearDown()[pri:0, instance:com.browserstack.BStackDemoTest@2577d6c8]" started-at="2023-03-03T14:24:13 IST" name="tearDown" finished-at="2023-03-03T14:24:14 IST" duration-ms="1633" status="PASS">
          <reporter-output>
          </reporter-output>
        </test-method> <!-- tearDown -->
        <test-method is-config="true" signature="setUp()[pri:0, instance:com.browserstack.BStackDemoTest@2577d6c8]" started-at="2023-03-03T14:24:14 IST" name="setUp" finished-at="2023-03-03T14:24:19 IST" duration-ms="4511" status="PASS">
          <reporter-output>
          </reporter-output>
        </test-method> <!-- setUp -->
        <test-method signature="addProductToCart()[pri:0, instance:com.browserstack.BStackDemoTest@2577d6c8]" started-at="2023-03-03T14:24:19 IST" name="addProductToCart" finished-at="2023-03-03T14:24:23 IST" duration-ms="3936" status="FAIL">
          <exception class="org.openqa.selenium.InvalidSelectorException">
            <message>
              <![CDATA[invalid selector: Unable to locate an element with the xpath expression //*[@id="1"]/div[] because of the following error:
SyntaxError: Failed to execute 'evaluate' on 'Document': The string '//*[@id="1"]/div[]' is not a valid XPath expression.
  (Session info: chrome=110.0.5481.77)
For documentation on this error, please visit: https://selenium.dev/exceptions/#invalid_selector_exception
Build info: version: '4.1.4', revision: '535d840ee2'
System info: host: 'Amit*con-C02DXD1LML7H', ip: '192.168.0.205', os.name: 'Mac OS X', os.arch: 'x86_64', os.version: '13.1', java.version: '19.0.2'
Driver info: org.openqa.selenium.chrome.ChromeDriver
Command: [ad9bb6dbe4ef9d2c0e6b4e1f943d6f7e556607d5, findElement {using=xpath, value=//*[@id="1"]/div[]}]
Capabilities {acceptInsecureCerts: false, browserName: chrome, browserVersion: 110.0.5481.77, chrome: {chromedriverVersion: 110.0.5481.30 (aedb656755c4..., userDataDir: /var/folders/3y/zz_w6_s56sl...}, goog:chromeOptions: {debuggerAddress: localhost:65143}, javascriptEnabled: true, networkConnectionEnabled: false, pageLoadStrategy: normal, platform: MAC, platformName: MAC, proxy: Proxy(), setWindowRect: true, strictFileInteractability: false, timeouts: {implicit: 0, pageLoad: 300000, script: 30000}, unhandledPromptBehavior: dismiss and notify, webauthn:extension:credBlob: true, webauthn:extension:largeBlob: true, webauthn:virtualAuthenticators: true, webdriver.remote.sessionid: ad9bb6dbe4ef9d2c0e6b4e1f943...}
Session ID: ad9bb6dbe4ef9d2c0e6b4e1f943d6f7e556607d5]]>
            </message>
            <full-stacktrace>
              <![CDATA[org.openqa.selenium.InvalidSelectorException: invalid selector: Unable to locate an element with the xpath expression //*[@id="1"]/div[] because of the following error:
SyntaxError: Failed to execute 'evaluate' on 'Document': The string '//*[@id="1"]/div[]' is not a valid XPath expression.
  (Session info: chrome=110.0.5481.77)
For documentation on this error, please visit: https://selenium.dev/exceptions/#invalid_selector_exception
Build info: version: '4.1.4', revision: '535d840ee2'
System info: host: 'Amit*con-C02DXD1LML7H', ip: '192.168.0.205', os.name: 'Mac OS X', os.arch: 'x86_64', os.version: '13.1', java.version: '19.0.2'
Driver info: org.openqa.selenium.chrome.ChromeDriver
Command: [ad9bb6dbe4ef9d2c0e6b4e1f943d6f7e556607d5, findElement {using=xpath, value=//*[@id="1"]/div[]}]
Capabilities {acceptInsecureCerts: false, browserName: chrome, browserVersion: 110.0.5481.77, chrome: {chromedriverVersion: 110.0.5481.30 (aedb656755c4..., userDataDir: /var/folders/3y/zz_w6_s56sl...}, goog:chromeOptions: {debuggerAddress: localhost:65143}, javascriptEnabled: true, networkConnectionEnabled: false, pageLoadStrategy: normal, platform: MAC, platformName: MAC, proxy: Proxy(), setWindowRect: true, strictFileInteractability: false, timeouts: {implicit: 0, pageLoad: 300000, script: 30000}, unhandledPromptBehavior: dismiss and notify, webauthn:extension:credBlob: true, webauthn:extension:largeBlob: true, webauthn:virtualAuthenticators: true, webdriver.remote.sessionid: ad9bb6dbe4ef9d2c0e6b4e1f943...}
Session ID: ad9bb6dbe4ef9d2c0e6b4e1f943d6f7e556607d5
at java.base/jdk.internal.reflect.DirectConstructorHandleAccessor.newInstance(DirectConstructorHandleAccessor.java:67)
at java.base/java.lang.reflect.Constructor.newInstanceWithCaller(Constructor.java:500)
at java.base/java.lang.reflect.Constructor.newInstance(Constructor.java:484)
at org.openqa.selenium.remote.codec.w3c.W3CHttpResponseCodec.createException(W3CHttpResponseCodec.java:200)
at org.openqa.selenium.remote.codec.w3c.W3CHttpResponseCodec.decode(W3CHttpResponseCodec.java:133)
at org.openqa.selenium.remote.codec.w3c.W3CHttpResponseCodec.decode(W3CHttpResponseCodec.java:53)
at org.openqa.selenium.remote.HttpCommandExecutor.execute(HttpCommandExecutor.java:184)
at org.openqa.selenium.remote.RemoteWebDriver.execute(RemoteWebDriver.java:567)
at org.openqa.selenium.remote.ElementLocation$ElementFinder$2.findElement(ElementLocation.java:162)
at org.openqa.selenium.remote.ElementLocation.findElement(ElementLocation.java:60)
at org.openqa.selenium.remote.RemoteWebDriver.findElement(RemoteWebDriver.java:385)
at org.openqa.selenium.remote.RemoteWebDriver.findElement(RemoteWebDriver.java:377)
at com.browserstack.BStackDemoTest.addProductToCart(BStackDemoTest.java:64)
at java.base/jdk.internal.reflect.DirectMethodHandleAccessor.invoke(DirectMethodHandleAccessor.java:104)
at java.base/java.lang.reflect.Method.invoke(Method.java:578)
at org.testng.internal.MethodInvocationHelper.invokeMethod(MethodInvocationHelper.java:133)
at org.testng.internal.TestInvoker.invokeMethod(TestInvoker.java:598)
at org.testng.internal.TestInvoker.invokeTestMethod(TestInvoker.java:173)
at org.testng.internal.MethodRunner.runInSequence(MethodRunner.java:46)
at org.testng.internal.TestInvoker$MethodInvocationAgent.invoke(TestInvoker.java:824)
at org.testng.internal.TestInvoker.invokeTestMethods(TestInvoker.java:146)
at org.testng.internal.TestMethodWorker.invokeTestMethods(TestMethodWorker.java:146)
at org.testng.internal.TestMethodWorker.run(TestMethodWorker.java:128)
at java.base/java.util.ArrayList.forEach(ArrayList.java:1511)
at org.testng.TestRunner.privateRun(TestRunner.java:794)
at org.testng.TestRunner.run(TestRunner.java:596)
at org.testng.SuiteRunner.runTest(SuiteRunner.java:377)
at org.testng.SuiteRunner.access$000(SuiteRunner.java:28)
at org.testng.SuiteRunner$SuiteWorker.run(SuiteRunner.java:418)
at org.testng.internal.thread.ThreadUtil.lambda$execute$0(ThreadUtil.java:64)
at java.base/java.util.concurrent.FutureTask.run(FutureTask.java:317)
at java.base/java.util.concurrent.ThreadPoolExecutor.runWorker(ThreadPoolExecutor.java:1144)
at java.base/java.util.concurrent.ThreadPoolExecutor$Worker.run(ThreadPoolExecutor.java:642)
at java.base/java.lang.Thread.run(Thread.java:1589)
]]>
            </full-stacktrace>
          </exception> <!-- org.openqa.selenium.InvalidSelectorException -->
          <reporter-output>
          </reporter-output>
        </test-method> <!-- addProductToCart -->
        <test-method is-config="true" signature="tearDown()[pri:0, instance:com.browserstack.BStackDemoTest@2577d6c8]" started-at="2023-03-03T14:24:23 IST" name="tearDown" finished-at="2023-03-03T14:24:25 IST" duration-ms="1525" status="PASS">
          <reporter-output>
          </reporter-output>
        </test-method> <!-- tearDown -->
        <test-method is-config="true" signature="setUp()[pri:0, instance:com.browserstack.BStackDemoTest@2577d6c8]" started-at="2023-03-03T14:24:25 IST" name="setUp" finished-at="2023-03-03T14:24:31 IST" duration-ms="5875" status="PASS">
          <reporter-output>
          </reporter-output>
        </test-method> <!-- setUp -->
        <test-method signature="loginToBStackDemo()[pri:0, instance:com.browserstack.BStackDemoTest@2577d6c8]" started-at="2023-03-03T14:24:31 IST" name="loginToBStackDemo" finished-at="2023-03-03T14:24:34 IST" duration-ms="3128" status="FAIL">
          <exception class="java.lang.AssertionError">
            <message>
              <![CDATA[expected [true] but found [false]]]>
            </message>
            <full-stacktrace>
              <![CDATA[java.lang.AssertionError: expected [true] but found [false]
at org.testng.Assert.fail(Assert.java:99)
at org.testng.Assert.failNotEquals(Assert.java:1037)
at org.testng.Assert.assertTrue(Assert.java:45)
at org.testng.Assert.assertTrue(Assert.java:55)
at com.browserstack.BStackDemoTest.loginToBStackDemo(BStackDemoTest.java:37)
at java.base/jdk.internal.reflect.DirectMethodHandleAccessor.invoke(DirectMethodHandleAccessor.java:104)
at java.base/java.lang.reflect.Method.invoke(Method.java:578)
at org.testng.internal.MethodInvocationHelper.invokeMethod(MethodInvocationHelper.java:133)
at org.testng.internal.TestInvoker.invokeMethod(TestInvoker.java:598)
at org.testng.internal.TestInvoker.invokeTestMethod(TestInvoker.java:173)
at org.testng.internal.MethodRunner.runInSequence(MethodRunner.java:46)
at org.testng.internal.TestInvoker$MethodInvocationAgent.invoke(TestInvoker.java:824)
at org.testng.internal.TestInvoker.invokeTestMethods(TestInvoker.java:146)
at org.testng.internal.TestMethodWorker.invokeTestMethods(TestMethodWorker.java:146)
at org.testng.internal.TestMethodWorker.run(TestMethodWorker.java:128)
at java.base/java.util.ArrayList.forEach(ArrayList.java:1511)
at org.testng.TestRunner.privateRun(TestRunner.java:794)
at org.testng.TestRunner.run(TestRunner.java:596)
at org.testng.SuiteRunner.runTest(SuiteRunner.java:377)
at org.testng.SuiteRunner.access$000(SuiteRunner.java:28)
at org.testng.SuiteRunner$SuiteWorker.run(SuiteRunner.java:418)
at org.testng.internal.thread.ThreadUtil.lambda$execute$0(ThreadUtil.java:64)
at java.base/java.util.concurrent.FutureTask.run(FutureTask.java:317)
at java.base/java.util.concurrent.ThreadPoolExecutor.runWorker(ThreadPoolExecutor.java:1144)
at java.base/java.util.concurrent.ThreadPoolExecutor$Worker.run(ThreadPoolExecutor.java:642)
at java.base/java.lang.Thread.run(Thread.java:1589)
]]>
            </full-stacktrace>
          </exception> <!-- java.lang.AssertionError -->
          <reporter-output>
          </reporter-output>
        </test-method> <!-- loginToBStackDemo -->
        <test-method is-config="true" signature="tearDown()[pri:0, instance:com.browserstack.BStackDemoTest@2577d6c8]" started-at="2023-03-03T14:24:34 IST" name="tearDown" finished-at="2023-03-03T14:24:37 IST" duration-ms="2675" status="PASS">
          <reporter-output>
          </reporter-output>
        </test-method> <!-- tearDown -->
        <test-method is-config="true" signature="setUp()[pri:0, instance:com.browserstack.BStackDemoTest@2577d6c8]" started-at="2023-03-03T14:24:37 IST" name="setUp" finished-at="2023-03-03T14:24:45 IST" duration-ms="8132" status="PASS">
          <reporter-output>
          </reporter-output>
        </test-method> <!-- setUp -->
        <test-method signature="logoutFromBstackDemo()[pri:0, instance:com.browserstack.BStackDemoTest@2577d6c8]" started-at="2023-03-03T14:24:45 IST" name="logoutFromBstackDemo" finished-at="2023-03-03T14:24:55 IST" duration-ms="9743" status="PASS">
          <reporter-output>
          </reporter-output>
        </test-method> <!-- logoutFromBstackDemo -->
        <test-method is-config="true" signature="tearDown()[pri:0, instance:com.browserstack.BStackDemoTest@2577d6c8]" started-at="2023-03-03T14:24:55 IST" name="tearDown" finished-at="2023-03-03T14:24:57 IST" duration-ms="1490" status="PASS">
          <reporter-output>
          </reporter-output>
        </test-method> <!-- tearDown -->
        <test-method is-config="true" signature="setUp()[pri:0, instance:com.browserstack.BStackDemoTest@2577d6c8]" started-at="2023-03-03T14:24:57 IST" name="setUp" finished-at="2023-03-03T14:25:01 IST" duration-ms="3714" status="PASS">
          <reporter-output>
          </reporter-output>
        </test-method> <!-- setUp -->
        <test-method signature="makePayment()[pri:0, instance:com.browserstack.BStackDemoTest@2577d6c8]" started-at="2023-03-03T14:25:01 IST" name="makePayment" finished-at="2023-03-03T14:25:05 IST" duration-ms="4794" status="PASS">
          <reporter-output>
          </reporter-output>
        </test-method> <!-- makePayment -->
        <test-method is-config="true" signature="tearDown()[pri:0, instance:com.browserstack.BStackDemoTest@2577d6c8]" started-at="2023-03-03T14:25:06 IST" name="tearDown" finished-at="2023-03-03T14:25:08 IST" duration-ms="2038" status="PASS">
          <reporter-output>
          </reporter-output>
        </test-method> <!-- tearDown -->
        <test-method is-config="true" signature="setUp()[pri:0, instance:com.browserstack.BStackDemoTest@2577d6c8]" started-at="2023-03-03T14:25:08 IST" name="setUp" finished-at="2023-03-03T14:25:16 IST" duration-ms="7601" status="PASS">
          <reporter-output>
          </reporter-output>
        </test-method> <!-- setUp -->
        <test-method signature="placeOrder()[pri:0, instance:com.browserstack.BStackDemoTest@2577d6c8]" started-at="2023-03-03T14:25:16 IST" name="placeOrder" finished-at="2023-03-03T14:25:26 IST" duration-ms="10168" status="PASS">
          <reporter-output>
          </reporter-output>
        </test-method> <!-- placeOrder -->
        <test-method is-config="true" signature="tearDown()[pri:0, instance:com.browserstack.BStackDemoTest@2577d6c8]" started-at="2023-03-03T14:25:26 IST" name="tearDown" finished-at="2023-03-03T14:25:28 IST" duration-ms="1658" status="PASS">
          <reporter-output>
          </reporter-output>
        </test-method> <!-- tearDown -->
        <test-method is-config="true" signature="setUp()[pri:0, instance:com.browserstack.BStackDemoTest@2577d6c8]" started-at="2023-03-03T14:25:28 IST" name="setUp" finished-at="2023-03-03T14:25:33 IST" duration-ms="5074" status="PASS">
          <reporter-output>
          </reporter-output>
        </test-method> <!-- setUp -->
        <test-method signature="visitBStackDemo()[pri:0, instance:com.browserstack.BStackDemoTest@2577d6c8]" started-at="2023-03-03T14:25:33 IST" name="visitBStackDemo" finished-at="2023-03-03T14:25:38 IST" duration-ms="4864" status="PASS">
          <reporter-output>
          </reporter-output>
        </test-method> <!-- visitBStackDemo -->
        <test-method is-config="true" signature="tearDown()[pri:0, instance:com.browserstack.BStackDemoTest@2577d6c8]" started-at="2023-03-03T14:25:38 IST" name="tearDown" finished-at="2023-03-03T14:25:41 IST" duration-ms="2797" status="PASS">
          <reporter-output>
          </reporter-output>
        </test-method> <!-- tearDown -->
      </class> <!-- com.browserstack.BStackDemoTest -->
    </test> <!-- BStackDemo-0 -->
  </suite> <!-- Cross-Platform -->
</testng-results>
